<?xml version="1.0" encoding="UTF-8"?>
<!-- Generated by org.testng.reporters.JUnitXMLReporter -->
<testsuite hostname="DESKTOP-CUT93Q8" ignored="0" name="Sanity" tests="3" failures="0" timestamp="2021-08-08T13:26:08 IST" time="86.661" errors="0">
  <testcase name="loginPageTitleTest" time="0.102" classname="com.crm.qa.test.LoginPageTest"/>
  <testcase name="crmLogoTest" time="0.863" classname="com.crm.qa.test.LoginPageTest"/>
  <testcase name="loginTest" time="9.304" classname="com.crm.qa.test.LoginPageTest"/>
</testsuite> <!-- Sanity -->
