<?xml version="1.0" encoding="UTF-8"?>
<!-- Generated by org.testng.reporters.JUnitXMLReporter -->
<testsuite hostname="DESKTOP-CUT93Q8" ignored="0" name="Regression" tests="3" failures="0" timestamp="2021-08-07T18:52:00 IST" time="104.706" errors="0">
  <testcase name="loginPageTitleTest" time="0.277" classname="com.crm.qa.test.LoginPageTest"/>
  <testcase name="crmLogoTest" time="0.273" classname="com.crm.qa.test.LoginPageTest"/>
  <testcase name="loginTest" time="12.03" classname="com.crm.qa.test.LoginPageTest"/>
</testsuite> <!-- Regression -->
