<?xml version="1.0" encoding="UTF-8"?>
<!-- Generated by org.testng.reporters.JUnitXMLReporter -->
<testsuite hostname="DESKTOP-CUT93Q8" ignored="0" name="Sanity" tests="3" failures="0" timestamp="2021-08-07T19:11:20 IST" time="67.741" errors="0">
  <testcase name="loginPageTitleTest" time="0.129" classname="com.crm.qa.test.LoginPageTest"/>
  <testcase name="crmLogoTest" time="0.413" classname="com.crm.qa.test.LoginPageTest"/>
  <testcase name="loginTest" time="10.764" classname="com.crm.qa.test.LoginPageTest"/>
</testsuite> <!-- Sanity -->
