<?xml version="1.0" encoding="UTF-8"?>
<testng-results skipped="0" failed="0" ignored="0" total="3" passed="3">
  <reporter-output>
  </reporter-output>
  <suite name="Free CRM Project Test Automation Suite" duration-ms="86661" started-at="2021-08-08T13:24:41 IST" finished-at="2021-08-08T13:26:08 IST">
    <groups>
    </groups>
    <test name="Sanity" duration-ms="86661" started-at="2021-08-08T13:24:41 IST" finished-at="2021-08-08T13:26:08 IST">
      <class name="com.crm.qa.test.LoginPageTest">
        <test-method status="PASS" signature="setup()[pri:0, instance:com.crm.qa.test.LoginPageTest@34c4973]" name="setup" is-config="true" duration-ms="37943" started-at="2021-08-08T13:24:41 IST" finished-at="2021-08-08T13:25:19 IST">
          <reporter-output>
          </reporter-output>
        </test-method> <!-- setup -->
        <test-method status="PASS" signature="loginPageTitleTest()[pri:1, instance:com.crm.qa.test.LoginPageTest@34c4973]" name="loginPageTitleTest" duration-ms="102" started-at="2021-08-08T13:25:19 IST" finished-at="2021-08-08T13:25:19 IST">
          <reporter-output>
          </reporter-output>
        </test-method> <!-- loginPageTitleTest -->
        <test-method status="PASS" signature="tearDown()[pri:0, instance:com.crm.qa.test.LoginPageTest@34c4973]" name="tearDown" is-config="true" duration-ms="1182" started-at="2021-08-08T13:25:19 IST" finished-at="2021-08-08T13:25:20 IST">
          <reporter-output>
          </reporter-output>
        </test-method> <!-- tearDown -->
        <test-method status="PASS" signature="setup()[pri:0, instance:com.crm.qa.test.LoginPageTest@34c4973]" name="setup" is-config="true" duration-ms="21070" started-at="2021-08-08T13:25:20 IST" finished-at="2021-08-08T13:25:41 IST">
          <reporter-output>
          </reporter-output>
        </test-method> <!-- setup -->
        <test-method status="PASS" signature="crmLogoTest()[pri:2, instance:com.crm.qa.test.LoginPageTest@34c4973]" name="crmLogoTest" duration-ms="863" started-at="2021-08-08T13:25:41 IST" finished-at="2021-08-08T13:25:42 IST">
          <reporter-output>
          </reporter-output>
        </test-method> <!-- crmLogoTest -->
        <test-method status="PASS" signature="tearDown()[pri:0, instance:com.crm.qa.test.LoginPageTest@34c4973]" name="tearDown" is-config="true" duration-ms="947" started-at="2021-08-08T13:25:42 IST" finished-at="2021-08-08T13:25:43 IST">
          <reporter-output>
          </reporter-output>
        </test-method> <!-- tearDown -->
        <test-method status="PASS" signature="setup()[pri:0, instance:com.crm.qa.test.LoginPageTest@34c4973]" name="setup" is-config="true" duration-ms="14268" started-at="2021-08-08T13:25:43 IST" finished-at="2021-08-08T13:25:58 IST">
          <reporter-output>
          </reporter-output>
        </test-method> <!-- setup -->
        <test-method status="PASS" signature="loginTest()[pri:3, instance:com.crm.qa.test.LoginPageTest@34c4973]" name="loginTest" duration-ms="9304" started-at="2021-08-08T13:25:58 IST" finished-at="2021-08-08T13:26:07 IST">
          <reporter-output>
          </reporter-output>
        </test-method> <!-- loginTest -->
        <test-method status="PASS" signature="tearDown()[pri:0, instance:com.crm.qa.test.LoginPageTest@34c4973]" name="tearDown" is-config="true" duration-ms="872" started-at="2021-08-08T13:26:07 IST" finished-at="2021-08-08T13:26:08 IST">
          <reporter-output>
          </reporter-output>
        </test-method> <!-- tearDown -->
      </class> <!-- com.crm.qa.test.LoginPageTest -->
    </test> <!-- Sanity -->
  </suite> <!-- Free CRM Project Test Automation Suite -->
</testng-results>
